<?xml version="1.0" encoding="UTF-8"?>
<testng-results ignored="0" total="4" passed="3" failed="1" skipped="0">
  <reporter-output>
  </reporter-output>
  <suite started-at="2022-07-03T13:22:13 NZST" name="Suite" finished-at="2022-07-03T13:22:56 NZST" duration-ms="42589">
    <groups>
    </groups>
    <test started-at="2022-07-03T13:22:13 NZST" name="ValidateNavigationBar" finished-at="2022-07-03T13:22:21 NZST" duration-ms="7608">
      <class name="SaravanaFramework.ValidateNavigationBar">
        <test-method is-config="true" signature="initialize()[pri:0, instance:SaravanaFramework.ValidateNavigationBar@5674e1f2]" started-at="2022-07-03T13:22:13 NZST" name="initialize" finished-at="2022-07-03T13:22:18 NZST" duration-ms="5193" status="PASS">
          <reporter-output>
          </reporter-output>
        </test-method> <!-- initialize -->
        <test-method signature="basePageNavigation()[pri:0, instance:SaravanaFramework.ValidateNavigationBar@5674e1f2]" started-at="2022-07-03T13:22:18 NZST" name="basePageNavigation" finished-at="2022-07-03T13:22:20 NZST" duration-ms="2045" status="PASS">
          <reporter-output>
          </reporter-output>
        </test-method> <!-- basePageNavigation -->
        <test-method is-config="true" signature="tearDown()[pri:0, instance:SaravanaFramework.ValidateNavigationBar@5674e1f2]" started-at="2022-07-03T13:22:20 NZST" name="tearDown" finished-at="2022-07-03T13:22:21 NZST" duration-ms="342" status="PASS">
          <reporter-output>
          </reporter-output>
        </test-method> <!-- tearDown -->
      </class> <!-- SaravanaFramework.ValidateNavigationBar -->
    </test> <!-- ValidateNavigationBar -->
    <test started-at="2022-07-03T13:22:21 NZST" name="HomePage" finished-at="2022-07-03T13:22:49 NZST" duration-ms="28012">
      <class name="SaravanaFramework.HomePage">
        <test-method is-config="true" signature="initialize()[pri:0, instance:SaravanaFramework.HomePage@6179e425]" started-at="2022-07-03T13:22:21 NZST" name="initialize" finished-at="2022-07-03T13:22:22 NZST" duration-ms="1015" status="PASS">
          <reporter-output>
          </reporter-output>
        </test-method> <!-- initialize -->
        <test-method signature="basePageNavigation(java.lang.String,java.lang.String,java.lang.String)[pri:0, instance:SaravanaFramework.HomePage@6179e425]" started-at="2022-07-03T13:22:22 NZST" name="basePageNavigation" data-provider="getData" finished-at="2022-07-03T13:22:34 NZST" duration-ms="12584" status="PASS">
          <params>
            <param index="0">
              <value>
                <![CDATA[non-restricteduser@abc.com]]>
              </value>
            </param>
            <param index="1">
              <value>
                <![CDATA[non-restrictedpwd]]>
              </value>
            </param>
            <param index="2">
              <value>
                <![CDATA[Non-Restricted User]]>
              </value>
            </param>
          </params>
          <reporter-output>
          </reporter-output>
        </test-method> <!-- basePageNavigation -->
        <test-method is-config="true" signature="tearDown()[pri:0, instance:SaravanaFramework.HomePage@6179e425]" started-at="2022-07-03T13:22:34 NZST" name="tearDown" finished-at="2022-07-03T13:22:35 NZST" duration-ms="319" status="PASS">
          <reporter-output>
          </reporter-output>
        </test-method> <!-- tearDown -->
        <test-method is-config="true" signature="initialize()[pri:0, instance:SaravanaFramework.HomePage@6179e425]" started-at="2022-07-03T13:22:35 NZST" name="initialize" finished-at="2022-07-03T13:22:36 NZST" duration-ms="977" status="PASS">
          <reporter-output>
          </reporter-output>
        </test-method> <!-- initialize -->
        <test-method signature="basePageNavigation(java.lang.String,java.lang.String,java.lang.String)[pri:0, instance:SaravanaFramework.HomePage@6179e425]" started-at="2022-07-03T13:22:36 NZST" name="basePageNavigation" data-provider="getData" finished-at="2022-07-03T13:22:48 NZST" duration-ms="12774" status="PASS">
          <params>
            <param index="0">
              <value>
                <![CDATA[restricteduser@abc.com]]>
              </value>
            </param>
            <param index="1">
              <value>
                <![CDATA[restrictedpwd]]>
              </value>
            </param>
            <param index="2">
              <value>
                <![CDATA[Restricted User]]>
              </value>
            </param>
          </params>
          <reporter-output>
          </reporter-output>
        </test-method> <!-- basePageNavigation -->
        <test-method is-config="true" signature="tearDown()[pri:0, instance:SaravanaFramework.HomePage@6179e425]" started-at="2022-07-03T13:22:48 NZST" name="tearDown" finished-at="2022-07-03T13:22:49 NZST" duration-ms="332" status="PASS">
          <reporter-output>
          </reporter-output>
        </test-method> <!-- tearDown -->
      </class> <!-- SaravanaFramework.HomePage -->
    </test> <!-- HomePage -->
    <test started-at="2022-07-03T13:22:49 NZST" name="ValidateTitle" finished-at="2022-07-03T13:22:56 NZST" duration-ms="6934">
      <class name="SaravanaFramework.ValidateTitle">
        <test-method is-config="true" signature="initialize()[pri:0, instance:SaravanaFramework.ValidateTitle@6fe1b4fb]" started-at="2022-07-03T13:22:49 NZST" name="initialize" finished-at="2022-07-03T13:22:53 NZST" duration-ms="4407" status="PASS">
          <reporter-output>
          </reporter-output>
        </test-method> <!-- initialize -->
        <test-method signature="basePageNavigation()[pri:0, instance:SaravanaFramework.ValidateTitle@6fe1b4fb]" started-at="2022-07-03T13:22:53 NZST" name="basePageNavigation" finished-at="2022-07-03T13:22:55 NZST" duration-ms="2037" status="FAIL">
          <exception class="java.lang.AssertionError">
            <message>
              <![CDATA[expected [Featured Courses123] but found [Featured Courses]]]>
            </message>
            <full-stacktrace>
              <![CDATA[java.lang.AssertionError: expected [Featured Courses123] but found [Featured Courses]
at org.testng.Assert.fail(Assert.java:110)
at org.testng.Assert.failNotEquals(Assert.java:1413)
at org.testng.Assert.assertEqualsImpl(Assert.java:149)
at org.testng.Assert.assertEquals(Assert.java:131)
at org.testng.Assert.assertEquals(Assert.java:655)
at org.testng.Assert.assertEquals(Assert.java:665)
at SaravanaFramework.ValidateTitle.basePageNavigation(ValidateTitle.java:29)
at java.base/jdk.internal.reflect.DirectMethodHandleAccessor.invoke(DirectMethodHandleAccessor.java:104)
at java.base/java.lang.reflect.Method.invoke(Method.java:577)
at org.testng.internal.invokers.MethodInvocationHelper.invokeMethod(MethodInvocationHelper.java:139)
at org.testng.internal.invokers.TestInvoker.invokeMethod(TestInvoker.java:677)
at org.testng.internal.invokers.TestInvoker.invokeTestMethod(TestInvoker.java:221)
at org.testng.internal.invokers.MethodRunner.runInSequence(MethodRunner.java:50)
at org.testng.internal.invokers.TestInvoker$MethodInvocationAgent.invoke(TestInvoker.java:962)
at org.testng.internal.invokers.TestInvoker.invokeTestMethods(TestInvoker.java:194)
at org.testng.internal.invokers.TestMethodWorker.invokeTestMethods(TestMethodWorker.java:148)
at org.testng.internal.invokers.TestMethodWorker.run(TestMethodWorker.java:128)
at java.base/java.util.ArrayList.forEach(ArrayList.java:1511)
at org.testng.TestRunner.privateRun(TestRunner.java:806)
at org.testng.TestRunner.run(TestRunner.java:601)
at org.testng.SuiteRunner.runTest(SuiteRunner.java:433)
at org.testng.SuiteRunner.runSequentially(SuiteRunner.java:427)
at org.testng.SuiteRunner.privateRun(SuiteRunner.java:387)
at org.testng.SuiteRunner.run(SuiteRunner.java:330)
at org.testng.SuiteRunnerWorker.runSuite(SuiteRunnerWorker.java:52)
at org.testng.SuiteRunnerWorker.run(SuiteRunnerWorker.java:95)
at org.testng.TestNG.runSuitesSequentially(TestNG.java:1256)
at org.testng.TestNG.runSuitesLocally(TestNG.java:1176)
at org.testng.TestNG.runSuites(TestNG.java:1099)
at org.testng.TestNG.run(TestNG.java:1067)
at org.apache.maven.surefire.testng.TestNGExecutor.run(TestNGExecutor.java:324)
at org.apache.maven.surefire.testng.TestNGXmlTestSuite.execute(TestNGXmlTestSuite.java:74)
at org.apache.maven.surefire.testng.TestNGProvider.invoke(TestNGProvider.java:123)
at org.apache.maven.surefire.booter.ForkedBooter.runSuitesInProcess(ForkedBooter.java:456)
at org.apache.maven.surefire.booter.ForkedBooter.execute(ForkedBooter.java:169)
at org.apache.maven.surefire.booter.ForkedBooter.run(ForkedBooter.java:595)
at org.apache.maven.surefire.booter.ForkedBooter.main(ForkedBooter.java:581)
]]>
            </full-stacktrace>
          </exception> <!-- java.lang.AssertionError -->
          <reporter-output>
          </reporter-output>
        </test-method> <!-- basePageNavigation -->
        <test-method is-config="true" signature="tearDown()[pri:0, instance:SaravanaFramework.ValidateTitle@6fe1b4fb]" started-at="2022-07-03T13:22:55 NZST" name="tearDown" finished-at="2022-07-03T13:22:56 NZST" duration-ms="315" status="PASS">
          <reporter-output>
          </reporter-output>
        </test-method> <!-- tearDown -->
      </class> <!-- SaravanaFramework.ValidateTitle -->
    </test> <!-- ValidateTitle -->
  </suite> <!-- Suite -->
</testng-results>
