<?xml version="1.0" encoding="UTF-8"?>
<!-- Generated by org.testng.reporters.JUnitXMLReporter -->
<testsuite ignored="0" hostname="DESKTOP-SK98M2H" failures="1" tests="1" name="ValidateTitle" time="6.934" errors="0" timestamp="2022-07-03T13:22:56 NZST">
  <testcase classname="SaravanaFramework.ValidateTitle" name="basePageNavigation" time="2.037">
    <failure type="java.lang.AssertionError" message="expected [Featured Courses123] but found [Featured Courses]">
      <![CDATA[java.lang.AssertionError: expected [Featured Courses123] but found [Featured Courses]
at SaravanaFramework.ValidateTitle.basePageNavigation(ValidateTitle.java:29)
at java.base/java.util.ArrayList.forEach(ArrayList.java:1511)
... Removed 35 stack frames]]>
    </failure>
  </testcase> <!-- basePageNavigation -->
</testsuite> <!-- ValidateTitle -->
